app/build/outputs/logs/manifest-merger-debug-report.txt
-- Merging decision tree log ---
manifest
ADDED from src\main\AndroidManifest.xml:2:1-66:12
INJECTED from src\main\AndroidManifest.xml:2:1-66:12
INJECTED from src\main\AndroidManifest.xml:2:1-66:12
INJECTED from src\main\AndroidManifest.xml:2:1-66:12
MERGED from [androidx.databinding:viewbinding:8.1.1] AndroidManifest.xml:2:1-7:12
MERGED from [androidx.navigation:navigation-ui:2.5.3] AndroidManifest.xml:17:1-24:12
MERGED from [com.github.denzcoskun:ImageSlideshow:0.1.2] AndroidManifest.xml:2:1-11:12
MERGED from [com.google.android.material:material:1.10.0] AndroidManifest.xml:17:1-24:12
MERGED from [androidx.constraintlayout:constraintlayout:2.1.4] AndroidManifest.xml:2:1-11:12
MERGED from [androidx.appcompat:appcompat-resources:1.6.1] AndroidManifest.xml:17:1-22:12
MERGED from [androidx.appcompat:appcompat:1.6.1] AndroidManifest.xml:17:1-22:12
MERGED from [com.google.firebase:firebase-auth:22.3.0] AndroidManifest.xml:17:1-75:12
MERGED from [com.google.firebase:firebase-firestore:24.10.0] AndroidManifest.xml:2:1-26:12
MERGED from [androidx.navigation:navigation-fragment:2.5.3] AndroidManifest.xml:17:1-24:12
MERGED from [com.github.bumptech.glide:glide:4.16.0] AndroidManifest.xml:2:1-9:12
MERGED from [androidx.emoji2:emoji2-views-helper:1.2.0] AndroidManifest.xml:2:1-7:12
MERGED from [androidx.emoji2:emoji2:1.2.0] AndroidManifest.xml:17:1-35:12
MERGED from [androidx.viewpager2:viewpager2:1.0.0] AndroidManifest.xml:17:1-24:12
MERGED from [com.google.android.gms:play-services-auth-api-phone:17.4.0] AndroidManifest.xml:2:1-7:12
MERGED from [com.google.android.recaptcha:recaptcha:18.1.2] AndroidManifest.xml:2:1-10:12
MERGED from [com.google.android.play:integrity:1.1.0] AndroidManifest.xml:2:1-7:12
MERGED from [com.google.firebase:firebase-appcheck-interop:17.0.0] AndroidManifest.xml:15:1-25:12
MERGED from [com.google.firebase:firebase-auth-interop:20.0.0] AndroidManifest.xml:2:1-10:12
MERGED from [com.google.firebase:firebase-common-ktx:20.4.2] AndroidManifest.xml:2:1-18:12
MERGED from [com.google.firebase:firebase-common:20.4.2] AndroidManifest.xml:15:1-41:12
MERGED from [com.google.firebase:firebase-database-collection:18.0.1] AndroidManifest.xml:2:1-9:12
MERGED from [com.google.android.gms:play-services-base:18.0.1] AndroidManifest.xml:16:1-24:12
MERGED from [androidx.fragment:fragment-ktx:1.5.4] AndroidManifest.xml:17:1-24:12
MERGED from [androidx.navigation:navigation-runtime:2.5.3] AndroidManifest.xml:17:1-24:12
MERGED from [androidx.activity:activity-ktx:1.8.0] AndroidManifest.xml:2:1-7:12
MERGED from [androidx.navigation:navigation-common:2.5.3] AndroidManifest.xml:17:1-24:12
MERGED from [androidx.savedstate:savedstate-ktx:1.2.1] AndroidManifest.xml:17:1-22:12
MERGED from [androidx.savedstate:savedstate:1.2.1] AndroidManifest.xml:17:1-22:12
MERGED from [androidx.dynamicanimation:dynamicanimation:1.0.0] AndroidManifest.xml:17:1-22:12
MERGED from [androidx.legacy:legacy-support-core-utils:1.0.0] AndroidManifest.xml:17:1-22:12
MERGED from [androidx.loader:loader:1.0.0] AndroidManifest.xml:17:1-22:12
MERGED from [androidx.lifecycle:lifecycle-livedata:2.6.1] AndroidManifest.xml:17:1-22:12
MERGED from [androidx.lifecycle:lifecycle-livedata-core:2.6.1] AndroidManifest.xml:17:1-22:12
MERGED from [androidx.lifecycle:lifecycle-viewmodel-ktx:2.6.1] AndroidManifest.xml:17:1-22:12
MERGED from [androidx.lifecycle:lifecycle-runtime-ktx:2.6.1] AndroidManifest.xml:17:1-22:12
MERGED from [androidx.lifecycle:lifecycle-process:2.6.1] AndroidManifest.xml:17:1-35:12
MERGED from [androidx.lifecycle:lifecycle-livedata-core-ktx:2.6.1] AndroidManifest.xml:17:1-22:12
MERGED from [androidx.lifecycle:lifecycle-viewmodel:2.6.1] AndroidManifest.xml:17:1-22:12
MERGED from [androidx.lifecycle:lifecycle-runtime:2.6.1] AndroidManifest.xml:2:1-7:12
MERGED from [androidx.lifecycle:lifecycle-viewmodel-savedstate:2.6.1] AndroidManifest.xml:17:1-22:12
MERGED from [androidx.slidingpanelayout:slidingpanelayout:1.2.0] AndroidManifest.xml:17:1-24:12
MERGED from [androidx.window:window:1.0.0] AndroidManifest.xml:17:1-33:12
MERGED from [com.google.android.gms:play-services-tasks:18.0.2] AndroidManifest.xml:2:1-6:12
MERGED from [com.google.android.gms:play-services-basement:18.1.0] AndroidManifest.xml:16:1-26:12
MERGED from [androidx.fragment:fragment:1.5.4] AndroidManifest.xml:17:1-24:12
MERGED from [androidx.activity:activity:1.8.0] AndroidManifest.xml:17:1-22:12
MERGED from [androidx.drawerlayout:drawerlayout:1.1.1] AndroidManifest.xml:17:1-24:12
MERGED from [androidx.coordinatorlayout:coordinatorlayout:1.1.0] AndroidManifest.xml:17:1-24:12
MERGED from [androidx.vectordrawable:vectordrawable-animated:1.1.0] AndroidManifest.xml:17:1-24:12
MERGED from [androidx.vectordrawable:vectordrawable:1.1.0] AndroidManifest.xml:17:1-24:12
MERGED from [androidx.browser:browser:1.4.0] AndroidManifest.xml:17:1-24:12
MERGED from [androidx.recyclerview:recyclerview:1.1.0] AndroidManifest.xml:17:1-24:12
MERGED from [androidx.viewpager:viewpager:1.0.0] AndroidManifest.xml:17:1-22:12
MERGED from [androidx.customview:customview:1.1.0] AndroidManifest.xml:17:1-24:12
MERGED from [androidx.core:core-ktx:1.9.0] AndroidManifest.xml:2:1-7:12
MERGED from [androidx.transition:transition:1.4.1] AndroidManifest.xml:17:1-24:12
MERGED from [androidx.core:core:1.9.0] AndroidManifest.xml:17:1-30:12
MERGED from [androidx.cursoradapter:cursoradapter:1.0.0] AndroidManifest.xml:17:1-22:12
MERGED from [androidx.cardview:cardview:1.0.0] AndroidManifest.xml:17:1-22:12
MERGED from [androidx.localbroadcastmanager:localbroadcastmanager:1.0.0] AndroidManifest.xml:17:1-22:12
MERGED from [com.google.firebase:firebase-components:17.1.5] AndroidManifest.xml:15:1-20:12
MERGED from [com.github.bumptech.glide:gifdecoder:4.16.0] AndroidManifest.xml:2:1-9:12
MERGED from [androidx.exifinterface:exifinterface:1.3.6] AndroidManifest.xml:17:1-24:12
MERGED from [androidx.profileinstaller:profileinstaller:1.3.0] AndroidManifest.xml:17:1-55:12
MERGED from [androidx.startup:startup-runtime:1.1.1] AndroidManifest.xml:17:1-33:12
MERGED from [androidx.tracing:tracing:1.0.0] AndroidManifest.xml:17:1-24:12
MERGED from [androidx.versionedparcelable:versionedparcelable:1.1.1] AndroidManifest.xml:17:1-27:12
MERGED from [androidx.interpolator:interpolator:1.0.0] AndroidManifest.xml:17:1-22:12
MERGED from [androidx.arch.core:core-runtime:2.2.0] AndroidManifest.xml:17:1-22:12
MERGED from [androidx.documentfile:documentfile:1.0.0] AndroidManifest.xml:17:1-22:12
MERGED from [androidx.print:print:1.0.0] AndroidManifest.xml:17:1-22:12
MERGED from [androidx.annotation:annotation-experimental:1.3.0] AndroidManifest.xml:17:1-22:12
MERGED from [io.grpc:grpc-android:1.52.1] AndroidManifest.xml:2:1-11:12
MERGED from [com.google.firebase:protolite-well-known-types:18.0.0] AndroidManifest.xml:2:1-11:12
MERGED from [com.squareup.picasso:picasso:2.71828] AndroidManifest.xml:2:1-14:12
MERGED from [com.android.support:exifinterface:27.1.0] AndroidManifest.xml:17:1-22:12
	package
		ADDED from src\main\AndroidManifest.xml:4:5-36
		INJECTED from src\main\AndroidManifest.xml
	android:versionName
		INJECTED from src\main\AndroidManifest.xml
	xmlns:tools
		ADDED from src\main\AndroidManifest.xml:3:5-51
	android:versionCode
		INJECTED from src\main\AndroidManifest.xml
	xmlns:android
		ADDED from src\main\AndroidManifest.xml:2:11-69
uses-permission#android.permission.INTERNET
ADDED from src\main\AndroidManifest.xml:6:5-67
MERGED from [com.google.firebase:firebase-auth:22.3.0] AndroidManifest.xml:25:5-67
MERGED from [com.google.firebase:firebase-auth:22.3.0] AndroidManifest.xml:25:5-67
MERGED from [com.google.firebase:firebase-firestore:24.10.0] AndroidManifest.xml:11:5-67
MERGED from [com.google.firebase:firebase-firestore:24.10.0] AndroidManifest.xml:11:5-67
MERGED from [com.google.android.recaptcha:recaptcha:18.1.2] AndroidManifest.xml:7:5-67
MERGED from [com.google.android.recaptcha:recaptcha:18.1.2] AndroidManifest.xml:7:5-67
	android:name
		ADDED from src\main\AndroidManifest.xml:6:22-64
application
ADDED from src\main\AndroidManifest.xml:8:5-64:19
INJECTED from src\main\AndroidManifest.xml:8:5-64:19
MERGED from [com.google.android.material:material:1.10.0] AndroidManifest.xml:22:5-20
MERGED from [com.google.android.material:material:1.10.0] AndroidManifest.xml:22:5-20
MERGED from [androidx.constraintlayout:constraintlayout:2.1.4] AndroidManifest.xml:9:5-20
MERGED from [androidx.constraintlayout:constraintlayout:2.1.4] AndroidManifest.xml:9:5-20
MERGED from [com.google.firebase:firebase-auth:22.3.0] AndroidManifest.xml:28:5-73:19
MERGED from [com.google.firebase:firebase-auth:22.3.0] AndroidManifest.xml:28:5-73:19
MERGED from [com.google.firebase:firebase-firestore:24.10.0] AndroidManifest.xml:13:5-24:19
MERGED from [com.google.firebase:firebase-firestore:24.10.0] AndroidManifest.xml:13:5-24:19
MERGED from [androidx.emoji2:emoji2:1.2.0] AndroidManifest.xml:23:5-33:19
MERGED from [androidx.emoji2:emoji2:1.2.0] AndroidManifest.xml:23:5-33:19
MERGED from [com.google.android.play:integrity:1.1.0] AndroidManifest.xml:5:5-6:19
MERGED from [com.google.android.play:integrity:1.1.0] AndroidManifest.xml:5:5-6:19
MERGED from [com.google.firebase:firebase-appcheck-interop:17.0.0] AndroidManifest.xml:23:5-20
MERGED from [com.google.firebase:firebase-appcheck-interop:17.0.0] AndroidManifest.xml:23:5-20
MERGED from [com.google.firebase:firebase-auth-interop:20.0.0] AndroidManifest.xml:7:5-8:19
MERGED from [com.google.firebase:firebase-auth-interop:20.0.0] AndroidManifest.xml:7:5-8:19
MERGED from [com.google.firebase:firebase-common-ktx:20.4.2] AndroidManifest.xml:8:5-16:19
MERGED from [com.google.firebase:firebase-common-ktx:20.4.2] AndroidManifest.xml:8:5-16:19
MERGED from [com.google.firebase:firebase-common:20.4.2] AndroidManifest.xml:22:5-39:19
MERGED from [com.google.firebase:firebase-common:20.4.2] AndroidManifest.xml:22:5-39:19
MERGED from [com.google.android.gms:play-services-base:18.0.1] AndroidManifest.xml:19:5-23:19
MERGED from [com.google.android.gms:play-services-base:18.0.1] AndroidManifest.xml:19:5-23:19
MERGED from [androidx.lifecycle:lifecycle-process:2.6.1] AndroidManifest.xml:23:5-33:19
MERGED from [androidx.lifecycle:lifecycle-process:2.6.1] AndroidManifest.xml:23:5-33:19
MERGED from [androidx.window:window:1.0.0] AndroidManifest.xml:24:5-31:19
MERGED from [androidx.window:window:1.0.0] AndroidManifest.xml:24:5-31:19
MERGED from [com.google.android.gms:play-services-tasks:18.0.2] AndroidManifest.xml:5:5-20
MERGED from [com.google.android.gms:play-services-tasks:18.0.2] AndroidManifest.xml:5:5-20
MERGED from [com.google.android.gms:play-services-basement:18.1.0] AndroidManifest.xml:20:5-24:19
MERGED from [com.google.android.gms:play-services-basement:18.1.0] AndroidManifest.xml:20:5-24:19
MERGED from [androidx.core:core:1.9.0] AndroidManifest.xml:28:5-89
MERGED from [androidx.core:core:1.9.0] AndroidManifest.xml:28:5-89
MERGED from [androidx.profileinstaller:profileinstaller:1.3.0] AndroidManifest.xml:23:5-53:19
MERGED from [androidx.profileinstaller:profileinstaller:1.3.0] AndroidManifest.xml:23:5-53:19
MERGED from [androidx.startup:startup-runtime:1.1.1] AndroidManifest.xml:25:5-31:19
MERGED from [androidx.startup:startup-runtime:1.1.1] AndroidManifest.xml:25:5-31:19
MERGED from [androidx.versionedparcelable:versionedparcelable:1.1.1] AndroidManifest.xml:24:5-25:19
MERGED from [androidx.versionedparcelable:versionedparcelable:1.1.1] AndroidManifest.xml:24:5-25:19
MERGED from [com.squareup.picasso:picasso:2.71828] AndroidManifest.xml:7:5-12:19
MERGED from [com.squareup.picasso:picasso:2.71828] AndroidManifest.xml:7:5-12:19
	android:extractNativeLibs
		INJECTED from src\main\AndroidManifest.xml
	android:appComponentFactory
		ADDED from [androidx.core:core:1.9.0] AndroidManifest.xml:28:18-86
	android:supportsRtl
		ADDED from src\main\AndroidManifest.xml:15:9-35
	android:label
		ADDED from src\main\AndroidManifest.xml:13:9-41
	android:fullBackupContent
		ADDED from src\main\AndroidManifest.xml:11:9-54
	android:roundIcon
		ADDED from src\main\AndroidManifest.xml:14:9-54
	tools:targetApi
		ADDED from src\main\AndroidManifest.xml:17:9-29
	android:icon
		ADDED from src\main\AndroidManifest.xml:12:9-43
	android:allowBackup
		ADDED from src\main\AndroidManifest.xml:9:9-35
	android:theme
		ADDED from src\main\AndroidManifest.xml:16:9-47
	android:dataExtractionRules
		ADDED from src\main\AndroidManifest.xml:10:9-65
activity#com.example.healthhub.activities.DetailedActivity1
ADDED from src\main\AndroidManifest.xml:18:9-20:40
	android:exported
		ADDED from src\main\AndroidManifest.xml:20:13-37
	android:name
		ADDED from src\main\AndroidManifest.xml:19:13-57
activity#com.example.healthhub.VegRecipe
ADDED from src\main\AndroidManifest.xml:21:9-23:40
	android:exported
		ADDED from src\main\AndroidManifest.xml:23:13-37
	android:name
		ADDED from src\main\AndroidManifest.xml:22:13-38
activity#com.example.healthhub.activities.DetailedActivity
ADDED from src\main\AndroidManifest.xml:24:9-26:40
	android:exported
		ADDED from src\main\AndroidManifest.xml:26:13-37
	android:name
		ADDED from src\main\AndroidManifest.xml:25:13-56
activity#com.example.healthhub.activities.bmi
ADDED from src\main\AndroidManifest.xml:27:9-35:20
	android:exported
		ADDED from src\main\AndroidManifest.xml:29:13-36
	android:name
		ADDED from src\main\AndroidManifest.xml:28:13-43
intent-filter#action:name:android.intent.action.MAIN+category:name:android.intent.category.LAUNCHER
ADDED from src\main\AndroidManifest.xml:30:13-34:29
action#android.intent.action.MAIN
ADDED from src\main\AndroidManifest.xml:31:17-69
	android:name
		ADDED from src\main\AndroidManifest.xml:31:25-66
category#android.intent.category.LAUNCHER
ADDED from src\main\AndroidManifest.xml:33:17-77
	android:name
		ADDED from src\main\AndroidManifest.xml:33:27-74
activity#com.example.healthhub.activities.OnBoardingActivity
ADDED from src\main\AndroidManifest.xml:36:9-41:20
	android:exported
		ADDED from src\main\AndroidManifest.xml:38:13-37
	android:name
		ADDED from src\main\AndroidManifest.xml:37:13-58
activity#com.example.healthhub.activities.RegistrationActivity
ADDED from src\main\AndroidManifest.xml:42:9-47:20
	android:exported
		ADDED from src\main\AndroidManifest.xml:44:13-36
	android:name
		ADDED from src\main\AndroidManifest.xml:43:13-60
activity#com.example.healthhub.activities.LoginActivity
ADDED from src\main\AndroidManifest.xml:48:9-53:20
	android:exported
		ADDED from src\main\AndroidManifest.xml:50:13-37
	android:name
		ADDED from src\main\AndroidManifest.xml:49:13-53
activity#com.example.healthhub.activities.MainActivity
ADDED from src\main\AndroidManifest.xml:54:9-59:20
	android:exported
		ADDED from src\main\AndroidManifest.xml:56:13-36
	android:name
		ADDED from src\main\AndroidManifest.xml:55:13-52
meta-data#preloaded_fonts
ADDED from src\main\AndroidManifest.xml:61:9-63:57
	android:resource
		ADDED from src\main\AndroidManifest.xml:63:13-54
	android:name
		ADDED from src\main\AndroidManifest.xml:62:13-43
uses-sdk
INJECTED from src\main\AndroidManifest.xml reason: use-sdk injection requested
INJECTED from src\main\AndroidManifest.xml
INJECTED from src\main\AndroidManifest.xml
MERGED from [androidx.databinding:viewbinding:8.1.1] AndroidManifest.xml:5:5-44
MERGED from [androidx.databinding:viewbinding:8.1.1] AndroidManifest.xml:5:5-44
MERGED from [androidx.navigation:navigation-ui:2.5.3] AndroidManifest.xml:20:5-22:41
MERGED from [androidx.navigation:navigation-ui:2.5.3] AndroidManifest.xml:20:5-22:41
MERGED from [com.github.denzcoskun:ImageSlideshow:0.1.2] AndroidManifest.xml:7:5-9:41
MERGED from [com.github.denzcoskun:ImageSlideshow:0.1.2] AndroidManifest.xml:7:5-9:41
MERGED from [com.google.android.material:material:1.10.0] AndroidManifest.xml:20:5-44
MERGED from [com.google.android.material:material:1.10.0] AndroidManifest.xml:20:5-44
MERGED from [androidx.constraintlayout:constraintlayout:2.1.4] AndroidManifest.xml:5:5-7:41
MERGED from [androidx.constraintlayout:constraintlayout:2.1.4] AndroidManifest.xml:5:5-7:41
MERGED from [androidx.appcompat:appcompat-resources:1.6.1] AndroidManifest.xml:20:5-44
MERGED from [androidx.appcompat:appcompat-resources:1.6.1] AndroidManifest.xml:20:5-44
MERGED from [androidx.appcompat:appcompat:1.6.1] AndroidManifest.xml:20:5-44
MERGED from [androidx.appcompat:appcompat:1.6.1] AndroidManifest.xml:20:5-44
MERGED from [com.google.firebase:firebase-auth:22.3.0] AndroidManifest.xml:21:5-23:64
MERGED from [com.google.firebase:firebase-auth:22.3.0] AndroidManifest.xml:21:5-23:64
MERGED from [com.google.firebase:firebase-firestore:24.10.0] AndroidManifest.xml:6:5-44
MERGED from [com.google.firebase:firebase-firestore:24.10.0] AndroidManifest.xml:6:5-44
MERGED from [androidx.navigation:navigation-fragment:2.5.3] AndroidManifest.xml:20:5-22:41
MERGED from [androidx.navigation:navigation-fragment:2.5.3] AndroidManifest.xml:20:5-22:41
MERGED from [com.github.bumptech.glide:glide:4.16.0] AndroidManifest.xml:5:5-7:41
MERGED from [com.github.bumptech.glide:glide:4.16.0] AndroidManifest.xml:5:5-7:41
MERGED from [androidx.emoji2:emoji2-views-helper:1.2.0] AndroidManifest.xml:5:5-44
MERGED from [androidx.emoji2:emoji2-views-helper:1.2.0] AndroidManifest.xml:5:5-44
MERGED from [androidx.emoji2:emoji2:1.2.0] AndroidManifest.xml:21:5-44
MERGED from [androidx.emoji2:emoji2:1.2.0] AndroidManifest.xml:21:5-44
MERGED from [androidx.viewpager2:viewpager2:1.0.0] AndroidManifest.xml:20:5-22:41
MERGED from [androidx.viewpager2:viewpager2:1.0.0] AndroidManifest.xml:20:5-22:41
MERGED from [com.google.android.gms:play-services-auth-api-phone:17.4.0] AndroidManifest.xml:5:5-44
MERGED from [com.google.android.gms:play-services-auth-api-phone:17.4.0] AndroidManifest.xml:5:5-44
MERGED from [com.google.android.recaptcha:recaptcha:18.1.2] AndroidManifest.xml:5:5-44
MERGED from [com.google.android.recaptcha:recaptcha:18.1.2] AndroidManifest.xml:5:5-44
MERGED from [com.google.android.play:integrity:1.1.0] AndroidManifest.xml:4:5-44
MERGED from [com.google.android.play:integrity:1.1.0] AndroidManifest.xml:4:5-44
MERGED from [com.google.firebase:firebase-appcheck-interop:17.0.0] AndroidManifest.xml:18:5-20:41
MERGED from [com.google.firebase:firebase-appcheck-interop:17.0.0] AndroidManifest.xml:18:5-20:41
MERGED from [com.google.firebase:firebase-auth-interop:20.0.0] AndroidManifest.xml:5:5-44
MERGED from [com.google.firebase:firebase-auth-interop:20.0.0] AndroidManifest.xml:5:5-44
MERGED from [com.google.firebase:firebase-common-ktx:20.4.2] AndroidManifest.xml:5:5-44
MERGED from [com.google.firebase:firebase-common-ktx:20.4.2] AndroidManifest.xml:5:5-44
MERGED from [com.google.firebase:firebase-common:20.4.2] AndroidManifest.xml:19:5-44
MERGED from [com.google.firebase:firebase-common:20.4.2] AndroidManifest.xml:19:5-44
MERGED from [com.google.firebase:firebase-database-collection:18.0.1] AndroidManifest.xml:5:5-7:41
MERGED from [com.google.firebase:firebase-database-collection:18.0.1] AndroidManifest.xml:5:5-7:41
MERGED from [com.google.android.gms:play-services-base:18.0.1] AndroidManifest.xml:18:5-43
MERGED from [com.google.android.gms:play-services-base:18.0.1] AndroidManifest.xml:18:5-43
MERGED from [androidx.fragment:fragment-ktx:1.5.4] AndroidManifest.xml:20:5-22:41
MERGED from [androidx.fragment:fragment-ktx:1.5.4] AndroidManifest.xml:20:5-22:41
MERGED from [androidx.navigation:navigation-runtime:2.5.3] AndroidManifest.xml:20:5-22:41
MERGED from [androidx.navigation:navigation-runtime:2.5.3] AndroidManifest.xml:20:5-22:41
MERGED from [androidx.activity:activity-ktx:1.8.0] AndroidManifest.xml:5:5-44
MERGED from [androidx.activity:activity-ktx:1.8.0] AndroidManifest.xml:5:5-44
MERGED from [androidx.navigation:navigation-common:2.5.3] AndroidManifest.xml:20:5-22:41
MERGED from [androidx.navigation:navigation-common:2.5.3] AndroidManifest.xml:20:5-22:41
MERGED from [androidx.savedstate:savedstate-ktx:1.2.1] AndroidManifest.xml:20:5-44
MERGED from [androidx.savedstate:savedstate-ktx:1.2.1] AndroidManifest.xml:20:5-44
MERGED from [androidx.savedstate:savedstate:1.2.1] AndroidManifest.xml:20:5-44
MERGED from [androidx.savedstate:savedstate:1.2.1] AndroidManifest.xml:20:5-44
MERGED from [androidx.dynamicanimation:dynamicanimation:1.0.0] AndroidManifest.xml:20:5-44
MERGED from [androidx.dynamicanimation:dynamicanimation:1.0.0] AndroidManifest.xml:20:5-44
MERGED from [androidx.legacy:legacy-support-core-utils:1.0.0] AndroidManifest.xml:20:5-44
MERGED from [androidx.legacy:legacy-support-core-utils:1.0.0] AndroidManifest.xml:20:5-44
MERGED from [androidx.loader:loader:1.0.0] AndroidManifest.xml:20:5-44
MERGED from [androidx.loader:loader:1.0.0] AndroidManifest.xml:20:5-44
MERGED from [androidx.lifecycle:lifecycle-livedata:2.6.1] AndroidManifest.xml:20:5-44
MERGED from [androidx.lifecycle:lifecycle-livedata:2.6.1] AndroidManifest.xml:20:5-44
MERGED from [androidx.lifecycle:lifecycle-livedata-core:2.6.1] AndroidManifest.xml:20:5-44
MERGED from [androidx.lifecycle:lifecycle-livedata-core:2.6.1] AndroidManifest.xml:20:5-44
MERGED from [androidx.lifecycle:lifecycle-viewmodel-ktx:2.6.1] AndroidManifest.xml:20:5-44
MERGED from [androidx.lifecycle:lifecycle-viewmodel-ktx:2.6.1] AndroidManifest.xml:20:5-44
MERGED from [androidx.lifecycle:lifecycle-runtime-ktx:2.6.1] AndroidManifest.xml:20:5-44
MERGED from [androidx.lifecycle:lifecycle-runtime-ktx:2.6.1] AndroidManifest.xml:20:5-44
MERGED from [androidx.lifecycle:lifecycle-process:2.6.1] AndroidManifest.xml:21:5-44
MERGED from [androidx.lifecycle:lifecycle-process:2.6.1] AndroidManifest.xml:21:5-44
MERGED from [androidx.lifecycle:lifecycle-livedata-core-ktx:2.6.1] AndroidManifest.xml:20:5-44
MERGED from [androidx.lifecycle:lifecycle-livedata-core-ktx:2.6.1] AndroidManifest.xml:20:5-44
MERGED from [androidx.lifecycle:lifecycle-viewmodel:2.6.1] AndroidManifest.xml:20:5-44
MERGED from [androidx.lifecycle:lifecycle-viewmodel:2.6.1] AndroidManifest.xml:20:5-44
MERGED from [androidx.lifecycle:lifecycle-runtime:2.6.1] AndroidManifest.xml:5:5-44
MERGED from [androidx.lifecycle:lifecycle-runtime:2.6.1] AndroidManifest.xml:5:5-44
MERGED from [androidx.lifecycle:lifecycle-viewmodel-savedstate:2.6.1] AndroidManifest.xml:20:5-44
MERGED from [androidx.lifecycle:lifecycle-viewmodel-savedstate:2.6.1] AndroidManifest.xml:20:5-44
MERGED from [androidx.slidingpanelayout:slidingpanelayout:1.2.0] AndroidManifest.xml:20:5-22:41
MERGED from [androidx.slidingpanelayout:slidingpanelayout:1.2.0] AndroidManifest.xml:20:5-22:41
MERGED from [androidx.window:window:1.0.0] AndroidManifest.xml:20:5-22:41
MERGED from [androidx.window:window:1.0.0] AndroidManifest.xml:20:5-22:41
MERGED from [com.google.android.gms:play-services-tasks:18.0.2] AndroidManifest.xml:4:5-43
MERGED from [com.google.android.gms:play-services-tasks:18.0.2] AndroidManifest.xml:4:5-43
MERGED from [com.google.android.gms:play-services-basement:18.1.0] AndroidManifest.xml:18:5-43
MERGED from [com.google.android.gms:play-services-basement:18.1.0] AndroidManifest.xml:18:5-43
MERGED from [androidx.fragment:fragment:1.5.4] AndroidManifest.xml:20:5-22:41
MERGED from [androidx.fragment:fragment:1.5.4] AndroidManifest.xml:20:5-22:41
MERGED from [androidx.activity:activity:1.8.0] AndroidManifest.xml:20:5-44
MERGED from [androidx.activity:activity:1.8.0] AndroidManifest.xml:20:5-44
MERGED from [androidx.drawerlayout:drawerlayout:1.1.1] AndroidManifest.xml:20:5-22:41
MERGED from [androidx.drawerlayout:drawerlayout:1.1.1] AndroidManifest.xml:20:5-22:41
MERGED from [androidx.coordinatorlayout:coordinatorlayout:1.1.0] AndroidManifest.xml:20:5-22:41
MERGED from [androidx.coordinatorlayout:coordinatorlayout:1.1.0] AndroidManifest.xml:20:5-22:41
MERGED from [androidx.vectordrawable:vectordrawable-animated:1.1.0] AndroidManifest.xml:20:5-22:41
MERGED from [androidx.vectordrawable:vectordrawable-animated:1.1.0] AndroidManifest.xml:20:5-22:41
MERGED from [androidx.vectordrawable:vectordrawable:1.1.0] AndroidManifest.xml:20:5-22:41
MERGED from [androidx.vectordrawable:vectordrawable:1.1.0] AndroidManifest.xml:20:5-22:41
MERGED from [androidx.browser:browser:1.4.0] AndroidManifest.xml:20:5-22:41
MERGED from [androidx.browser:browser:1.4.0] AndroidManifest.xml:20:5-22:41
MERGED from [androidx.recyclerview:recyclerview:1.1.0] AndroidManifest.xml:20:5-22:41
MERGED from [androidx.recyclerview:recyclerview:1.1.0] AndroidManifest.xml:20:5-22:41
MERGED from [androidx.viewpager:viewpager:1.0.0] AndroidManifest.xml:20:5-44
MERGED from [androidx.viewpager:viewpager:1.0.0] AndroidManifest.xml:20:5-44
MERGED from [androidx.customview:customview:1.1.0] AndroidManifest.xml:20:5-22:41
MERGED from [androidx.customview:customview:1.1.0] AndroidManifest.xml:20:5-22:41
MERGED from [androidx.core:core-ktx:1.9.0] AndroidManifest.xml:5:5-44
MERGED from [androidx.core:core-ktx:1.9.0] AndroidManifest.xml:5:5-44
MERGED from [androidx.transition:transition:1.4.1] AndroidManifest.xml:20:5-22:41
MERGED from [androidx.transition:transition:1.4.1] AndroidManifest.xml:20:5-22:41
MERGED from [androidx.core:core:1.9.0] AndroidManifest.xml:20:5-44
MERGED from [androidx.core:core:1.9.0] AndroidManifest.xml:20:5-44
MERGED from [androidx.cursoradapter:cursoradapter:1.0.0] AndroidManifest.xml:20:5-44
MERGED from [androidx.cursoradapter:cursoradapter:1.0.0] AndroidManifest.xml:20:5-44
MERGED from [androidx.cardview:cardview:1.0.0] AndroidManifest.xml:20:5-44
MERGED from [androidx.cardview:cardview:1.0.0] AndroidManifest.xml:20:5-44
MERGED from [androidx.localbroadcastmanager:localbroadcastmanager:1.0.0] AndroidManifest.xml:20:5-44
MERGED from [androidx.localbroadcastmanager:localbroadcastmanager:1.0.0] AndroidManifest.xml:20:5-44
MERGED from [com.google.firebase:firebase-components:17.1.5] AndroidManifest.xml:18:5-44
MERGED from [com.google.firebase:firebase-components:17.1.5] AndroidManifest.xml:18:5-44
MERGED from [com.github.bumptech.glide:gifdecoder:4.16.0] AndroidManifest.xml:5:5-7:41
MERGED from [com.github.bumptech.glide:gifdecoder:4.16.0] AndroidManifest.xml:5:5-7:41
MERGED from [androidx.exifinterface:exifinterface:1.3.6] AndroidManifest.xml:20:5-22:41
MERGED from [androidx.exifinterface:exifinterface:1.3.6] AndroidManifest.xml:20:5-22:41
MERGED from [androidx.profileinstaller:profileinstaller:1.3.0] AndroidManifest.xml:21:5-44
MERGED from [androidx.profileinstaller:profileinstaller:1.3.0] AndroidManifest.xml:21:5-44
MERGED from [androidx.startup:startup-runtime:1.1.1] AndroidManifest.xml:21:5-23:41
MERGED from [androidx.startup:startup-runtime:1.1.1] AndroidManifest.xml:21:5-23:41
MERGED from [androidx.tracing:tracing:1.0.0] AndroidManifest.xml:20:5-22:41
MERGED from [androidx.tracing:tracing:1.0.0] AndroidManifest.xml:20:5-22:41
MERGED from [androidx.versionedparcelable:versionedparcelable:1.1.1] AndroidManifest.xml:20:5-22:41
MERGED from [androidx.versionedparcelable:versionedparcelable:1.1.1] AndroidManifest.xml:20:5-22:41
MERGED from [androidx.interpolator:interpolator:1.0.0] AndroidManifest.xml:20:5-44
MERGED from [androidx.interpolator:interpolator:1.0.0] AndroidManifest.xml:20:5-44
MERGED from [androidx.arch.core:core-runtime:2.2.0] AndroidManifest.xml:20:5-44
MERGED from [androidx.arch.core:core-runtime:2.2.0] AndroidManifest.xml:20:5-44
MERGED from [androidx.documentfile:documentfile:1.0.0] AndroidManifest.xml:20:5-44
MERGED from [androidx.documentfile:documentfile:1.0.0] AndroidManifest.xml:20:5-44
MERGED from [androidx.print:print:1.0.0] AndroidManifest.xml:20:5-44
MERGED from [androidx.print:print:1.0.0] AndroidManifest.xml:20:5-44
MERGED from [androidx.annotation:annotation-experimental:1.3.0] AndroidManifest.xml:20:5-44
MERGED from [androidx.annotation:annotation-experimental:1.3.0] AndroidManifest.xml:20:5-44
MERGED from [io.grpc:grpc-android:1.52.1] AndroidManifest.xml:5:5-7:41
MERGED from [io.grpc:grpc-android:1.52.1] AndroidManifest.xml:5:5-7:41
MERGED from [com.google.firebase:protolite-well-known-types:18.0.0] AndroidManifest.xml:7:5-9:41
MERGED from [com.google.firebase:protolite-well-known-types:18.0.0] AndroidManifest.xml:7:5-9:41
MERGED from [com.squareup.picasso:picasso:2.71828] AndroidManifest.xml:5:5-44
MERGED from [com.squareup.picasso:picasso:2.71828] AndroidManifest.xml:5:5-44
MERGED from [com.android.support:exifinterface:27.1.0] AndroidManifest.xml:20:5-44
MERGED from [com.android.support:exifinterface:27.1.0] AndroidManifest.xml:20:5-44
	tools:overrideLibrary
		ADDED from [com.google.firebase:firebase-auth:22.3.0] AndroidManifest.xml:23:9-61
	android:targetSdkVersion
		INJECTED from src\main\AndroidManifest.xml
	android:minSdkVersion
		INJECTED from src\main\AndroidManifest.xml
uses-permission#android.permission.ACCESS_NETWORK_STATE
ADDED from [com.google.firebase:firebase-auth:22.3.0] AndroidManifest.xml:26:5-79
MERGED from [com.google.firebase:firebase-firestore:24.10.0] AndroidManifest.xml:10:5-79
MERGED from [com.google.firebase:firebase-firestore:24.10.0] AndroidManifest.xml:10:5-79
MERGED from [com.google.android.recaptcha:recaptcha:18.1.2] AndroidManifest.xml:8:5-79
MERGED from [com.google.android.recaptcha:recaptcha:18.1.2] AndroidManifest.xml:8:5-79
MERGED from [io.grpc:grpc-android:1.52.1] AndroidManifest.xml:9:5-79
MERGED from [io.grpc:grpc-android:1.52.1] AndroidManifest.xml:9:5-79
	android:name
		ADDED from [com.google.firebase:firebase-auth:22.3.0] AndroidManifest.xml:26:22-76
activity#com.google.firebase.auth.internal.GenericIdpActivity
ADDED from [com.google.firebase:firebase-auth:22.3.0] AndroidManifest.xml:29:9-46:20
	android:excludeFromRecents
		ADDED from [com.google.firebase:firebase-auth:22.3.0] AndroidManifest.xml:31:13-46
	android:launchMode
		ADDED from [com.google.firebase:firebase-auth:22.3.0] AndroidManifest.xml:33:13-44
	android:exported
		ADDED from [com.google.firebase:firebase-auth:22.3.0] AndroidManifest.xml:32:13-36
	android:theme
		ADDED from [com.google.firebase:firebase-auth:22.3.0] AndroidManifest.xml:34:13-72
	android:name
		ADDED from [com.google.firebase:firebase-auth:22.3.0] AndroidManifest.xml:30:13-80